<?xml version="1.0" encoding="UTF-8"?>
<!-- Generated by org.testng.reporters.JUnitReportReporter -->
<testsuite hostname="DELL1" name="m_makemydemo2_test.check_flights_test" tests="1" failures="0" timestamp="14 Jan 2019 14:35:37 GMT" time="65.898" errors="0">
  <testcase name="search_flights" time="65.898" classname="m_makemydemo2_test.check_flights_test"/>
</testsuite> <!-- m_makemydemo2_test.check_flights_test -->
